{"C:\\Users\\Server Admin\\Desktop\\ecommerce\\server\\src\\application\\services\\product-manager.service.ts": {"path":"C:\\Users\\Server Admin\\Desktop\\ecommerce\\server\\src\\application\\services\\product-manager.service.ts","statementMap":{"0":{"start":{"line":10,"column":4},"end":{"line":10,"column":null}},"1":{"start":{"line":11,"column":4},"end":{"line":11,"column":null}},"2":{"start":{"line":12,"column":4},"end":{"line":12,"column":null}},"3":{"start":{"line":13,"column":4},"end":{"line":13,"column":null}},"4":{"start":{"line":14,"column":4},"end":{"line":14,"column":null}},"5":{"start":{"line":15,"column":4},"end":{"line":15,"column":null}},"6":{"start":{"line":16,"column":4},"end":{"line":16,"column":null}},"7":{"start":{"line":20,"column":14},"end":{"line":20,"column":22}},"8":{"start":{"line":21,"column":4},"end":{"line":23,"column":5}},"9":{"start":{"line":22,"column":6},"end":{"line":22,"column":null}},"10":{"start":{"line":25,"column":24},"end":{"line":25,"column":61}},"11":{"start":{"line":26,"column":4},"end":{"line":28,"column":5}},"12":{"start":{"line":27,"column":6},"end":{"line":27,"column":null}},"13":{"start":{"line":30,"column":26},"end":{"line":30,"column":57}},"14":{"start":{"line":31,"column":22},"end":{"line":31,"column":45}},"15":{"start":{"line":32,"column":25},"end":{"line":32,"column":99}},"16":{"start":{"line":34,"column":25},"end":{"line":36,"column":18}},"17":{"start":{"line":35,"column":39},"end":{"line":35,"column":49}},"18":{"start":{"line":38,"column":20},"end":{"line":38,"column":59}},"19":{"start":{"line":40,"column":20},"end":{"line":71,"column":6}},"20":{"start":{"line":50,"column":55},"end":{"line":50,"column":61}},"21":{"start":{"line":62,"column":63},"end":{"line":69,"column":10}},"22":{"start":{"line":73,"column":4},"end":{"line":81,"column":null}},"23":{"start":{"line":83,"column":4},"end":{"line":83,"column":null}},"24":{"start":{"line":87,"column":20},"end":{"line":87,"column":55}},"25":{"start":{"line":88,"column":4},"end":{"line":88,"column":null}},"26":{"start":{"line":88,"column":18},"end":{"line":88,"column":null}},"27":{"start":{"line":90,"column":59},"end":{"line":90,"column":63}},"28":{"start":{"line":91,"column":28},"end":{"line":91,"column":39}},"29":{"start":{"line":93,"column":4},"end":{"line":95,"column":5}},"30":{"start":{"line":94,"column":6},"end":{"line":94,"column":null}},"31":{"start":{"line":94,"column":71},"end":{"line":94,"column":82}},"32":{"start":{"line":97,"column":4},"end":{"line":100,"column":5}},"33":{"start":{"line":98,"column":6},"end":{"line":98,"column":null}},"34":{"start":{"line":99,"column":6},"end":{"line":99,"column":null}},"35":{"start":{"line":102,"column":4},"end":{"line":105,"column":5}},"36":{"start":{"line":103,"column":6},"end":{"line":103,"column":null}},"37":{"start":{"line":104,"column":6},"end":{"line":104,"column":null}},"38":{"start":{"line":107,"column":4},"end":{"line":110,"column":5}},"39":{"start":{"line":108,"column":6},"end":{"line":108,"column":null}},"40":{"start":{"line":109,"column":6},"end":{"line":109,"column":null}},"41":{"start":{"line":112,"column":4},"end":{"line":116,"column":5}},"42":{"start":{"line":113,"column":6},"end":{"line":113,"column":null}},"43":{"start":{"line":114,"column":30},"end":{"line":114,"column":81}},"44":{"start":{"line":115,"column":6},"end":{"line":115,"column":null}},"45":{"start":{"line":118,"column":4},"end":{"line":134,"column":5}},"46":{"start":{"line":119,"column":27},"end":{"line":121,"column":23}},"47":{"start":{"line":120,"column":36},"end":{"line":120,"column":46}},"48":{"start":{"line":122,"column":6},"end":{"line":122,"column":null}},"49":{"start":{"line":123,"column":6},"end":{"line":123,"column":null}},"50":{"start":{"line":124,"column":6},"end":{"line":133,"column":null}},"51":{"start":{"line":125,"column":57},"end":{"line":132,"column":10}},"52":{"start":{"line":136,"column":27},"end":{"line":136,"column":72}},"53":{"start":{"line":139,"column":4},"end":{"line":147,"column":null}},"54":{"start":{"line":150,"column":4},"end":{"line":152,"column":5}},"55":{"start":{"line":151,"column":6},"end":{"line":151,"column":null}},"56":{"start":{"line":155,"column":4},"end":{"line":157,"column":5}},"57":{"start":{"line":156,"column":6},"end":{"line":156,"column":null}},"58":{"start":{"line":160,"column":24},"end":{"line":160,"column":75}},"59":{"start":{"line":161,"column":4},"end":{"line":170,"column":5}},"60":{"start":{"line":162,"column":6},"end":{"line":169,"column":null}},"61":{"start":{"line":172,"column":4},"end":{"line":172,"column":null}},"62":{"start":{"line":176,"column":23},"end":{"line":176,"column":37}},"63":{"start":{"line":177,"column":21},"end":{"line":177,"column":65}},"64":{"start":{"line":178,"column":27},"end":{"line":178,"column":82}},"65":{"start":{"line":179,"column":23},"end":{"line":179,"column":81}},"66":{"start":{"line":181,"column":18},"end":{"line":181,"column":50}},"67":{"start":{"line":182,"column":21},"end":{"line":182,"column":60}},"68":{"start":{"line":183,"column":16},"end":{"line":183,"column":61}},"69":{"start":{"line":185,"column":21},"end":{"line":185,"column":58}},"70":{"start":{"line":186,"column":4},"end":{"line":186,"column":null}},"71":{"start":{"line":190,"column":18},"end":{"line":190,"column":51}},"72":{"start":{"line":191,"column":4},"end":{"line":191,"column":null}},"73":{"start":{"line":195,"column":4},"end":{"line":211,"column":5}},"74":{"start":{"line":196,"column":30},"end":{"line":196,"column":84}},"75":{"start":{"line":197,"column":6},"end":{"line":208,"column":7}},"76":{"start":{"line":198,"column":8},"end":{"line":207,"column":null}},"77":{"start":{"line":210,"column":6},"end":{"line":210,"column":null}},"78":{"start":{"line":215,"column":4},"end":{"line":231,"column":5}},"79":{"start":{"line":216,"column":30},"end":{"line":216,"column":84}},"80":{"start":{"line":217,"column":6},"end":{"line":228,"column":7}},"81":{"start":{"line":218,"column":8},"end":{"line":227,"column":null}},"82":{"start":{"line":230,"column":6},"end":{"line":230,"column":null}}},"fnMap":{"0":{"name":"(anonymous_0)","decl":{"start":{"line":9,"column":2},"end":{"line":9,"column":null}},"loc":{"start":{"line":16,"column":38},"end":{"line":17,"column":6}}},"1":{"name":"(anonymous_1)","decl":{"start":{"line":19,"column":2},"end":{"line":19,"column":7}},"loc":{"start":{"line":19,"column":88},"end":{"line":84,"column":3}}},"2":{"name":"(anonymous_2)","decl":{"start":{"line":35,"column":25},"end":{"line":35,"column":26}},"loc":{"start":{"line":35,"column":39},"end":{"line":35,"column":49}}},"3":{"name":"(anonymous_3)","decl":{"start":{"line":50,"column":38},"end":{"line":50,"column":39}},"loc":{"start":{"line":50,"column":55},"end":{"line":50,"column":61}}},"4":{"name":"(anonymous_4)","decl":{"start":{"line":62,"column":33},"end":{"line":62,"column":34}},"loc":{"start":{"line":62,"column":63},"end":{"line":69,"column":10}}},"5":{"name":"(anonymous_5)","decl":{"start":{"line":86,"column":2},"end":{"line":86,"column":7}},"loc":{"start":{"line":86,"column":100},"end":{"line":173,"column":3}}},"6":{"name":"(anonymous_6)","decl":{"start":{"line":94,"column":53},"end":{"line":94,"column":54}},"loc":{"start":{"line":94,"column":71},"end":{"line":94,"column":82}}},"7":{"name":"(anonymous_7)","decl":{"start":{"line":120,"column":22},"end":{"line":120,"column":23}},"loc":{"start":{"line":120,"column":36},"end":{"line":120,"column":46}}},"8":{"name":"(anonymous_8)","decl":{"start":{"line":125,"column":27},"end":{"line":125,"column":28}},"loc":{"start":{"line":125,"column":57},"end":{"line":132,"column":10}}},"9":{"name":"(anonymous_9)","decl":{"start":{"line":175,"column":10},"end":{"line":175,"column":15}},"loc":{"start":{"line":175,"column":63},"end":{"line":187,"column":3}}},"10":{"name":"(anonymous_10)","decl":{"start":{"line":189,"column":10},"end":{"line":189,"column":15}},"loc":{"start":{"line":189,"column":45},"end":{"line":192,"column":3}}},"11":{"name":"(anonymous_11)","decl":{"start":{"line":194,"column":10},"end":{"line":194,"column":15}},"loc":{"start":{"line":194,"column":74},"end":{"line":212,"column":3}}},"12":{"name":"(anonymous_12)","decl":{"start":{"line":214,"column":10},"end":{"line":214,"column":15}},"loc":{"start":{"line":214,"column":42},"end":{"line":232,"column":3}}}},"branchMap":{"0":{"loc":{"start":{"line":21,"column":4},"end":{"line":23,"column":5}},"type":"if","locations":[{"start":{"line":21,"column":4},"end":{"line":23,"column":5}},{"start":{},"end":{}}]},"1":{"loc":{"start":{"line":21,"column":8},"end":{"line":21,"column":33}},"type":"binary-expr","locations":[{"start":{"line":21,"column":8},"end":{"line":21,"column":12}},{"start":{"line":21,"column":16},"end":{"line":21,"column":33}}]},"2":{"loc":{"start":{"line":26,"column":4},"end":{"line":28,"column":5}},"type":"if","locations":[{"start":{"line":26,"column":4},"end":{"line":28,"column":5}},{"start":{},"end":{}}]},"3":{"loc":{"start":{"line":30,"column":33},"end":{"line":30,"column":56}},"type":"binary-expr","locations":[{"start":{"line":30,"column":33},"end":{"line":30,"column":51}},{"start":{"line":30,"column":55},"end":{"line":30,"column":56}}]},"4":{"loc":{"start":{"line":31,"column":29},"end":{"line":31,"column":44}},"type":"binary-expr","locations":[{"start":{"line":31,"column":29},"end":{"line":31,"column":39}},{"start":{"line":31,"column":43},"end":{"line":31,"column":44}}]},"5":{"loc":{"start":{"line":32,"column":25},"end":{"line":32,"column":99}},"type":"binary-expr","locations":[{"start":{"line":32,"column":25},"end":{"line":32,"column":42}},{"start":{"line":32,"column":47},"end":{"line":32,"column":98}}]},"6":{"loc":{"start":{"line":32,"column":47},"end":{"line":32,"column":98}},"type":"cond-expr","locations":[{"start":{"line":32,"column":67},"end":{"line":32,"column":92}},{"start":{"line":32,"column":95},"end":{"line":32,"column":98}}]},"7":{"loc":{"start":{"line":34,"column":25},"end":{"line":36,"column":18}},"type":"cond-expr","locations":[{"start":{"line":35,"column":8},"end":{"line":35,"column":77}},{"start":{"line":36,"column":8},"end":{"line":36,"column":18}}]},"8":{"loc":{"start":{"line":34,"column":25},"end":{"line":34,"column":62}},"type":"binary-expr","locations":[{"start":{"line":34,"column":25},"end":{"line":34,"column":36}},{"start":{"line":34,"column":40},"end":{"line":34,"column":62}}]},"9":{"loc":{"start":{"line":35,"column":8},"end":{"line":35,"column":77}},"type":"binary-expr","locations":[{"start":{"line":35,"column":8},"end":{"line":35,"column":55}},{"start":{"line":35,"column":59},"end":{"line":35,"column":77}}]},"10":{"loc":{"start":{"line":47,"column":20},"end":{"line":47,"column":42}},"type":"binary-expr","locations":[{"start":{"line":47,"column":20},"end":{"line":47,"column":37}},{"start":{"line":47,"column":41},"end":{"line":47,"column":42}}]},"11":{"loc":{"start":{"line":58,"column":13},"end":{"line":58,"column":28}},"type":"binary-expr","locations":[{"start":{"line":58,"column":13},"end":{"line":58,"column":23}},{"start":{"line":58,"column":27},"end":{"line":58,"column":28}}]},"12":{"loc":{"start":{"line":59,"column":16},"end":{"line":59,"column":34}},"type":"binary-expr","locations":[{"start":{"line":59,"column":16},"end":{"line":59,"column":29}},{"start":{"line":59,"column":33},"end":{"line":59,"column":34}}]},"13":{"loc":{"start":{"line":60,"column":16},"end":{"line":60,"column":31}},"type":"binary-expr","locations":[{"start":{"line":60,"column":16},"end":{"line":60,"column":26}},{"start":{"line":60,"column":30},"end":{"line":60,"column":31}}]},"14":{"loc":{"start":{"line":62,"column":16},"end":{"line":69,"column":17}},"type":"binary-expr","locations":[{"start":{"line":62,"column":16},"end":{"line":69,"column":11}},{"start":{"line":69,"column":15},"end":{"line":69,"column":17}}]},"15":{"loc":{"start":{"line":67,"column":18},"end":{"line":67,"column":43}},"type":"binary-expr","locations":[{"start":{"line":67,"column":18},"end":{"line":67,"column":28}},{"start":{"line":67,"column":32},"end":{"line":67,"column":43}}]},"16":{"loc":{"start":{"line":68,"column":21},"end":{"line":68,"column":43}},"type":"binary-expr","locations":[{"start":{"line":68,"column":21},"end":{"line":68,"column":34}},{"start":{"line":68,"column":38},"end":{"line":68,"column":43}}]},"17":{"loc":{"start":{"line":88,"column":4},"end":{"line":88,"column":null}},"type":"if","locations":[{"start":{"line":88,"column":4},"end":{"line":88,"column":null}},{"start":{},"end":{}}]},"18":{"loc":{"start":{"line":93,"column":4},"end":{"line":95,"column":5}},"type":"if","locations":[{"start":{"line":93,"column":4},"end":{"line":95,"column":5}},{"start":{},"end":{}}]},"19":{"loc":{"start":{"line":97,"column":4},"end":{"line":100,"column":5}},"type":"if","locations":[{"start":{"line":97,"column":4},"end":{"line":100,"column":5}},{"start":{},"end":{}}]},"20":{"loc":{"start":{"line":102,"column":4},"end":{"line":105,"column":5}},"type":"if","locations":[{"start":{"line":102,"column":4},"end":{"line":105,"column":5}},{"start":{},"end":{}}]},"21":{"loc":{"start":{"line":107,"column":4},"end":{"line":110,"column":5}},"type":"if","locations":[{"start":{"line":107,"column":4},"end":{"line":110,"column":5}},{"start":{},"end":{}}]},"22":{"loc":{"start":{"line":112,"column":4},"end":{"line":116,"column":5}},"type":"if","locations":[{"start":{"line":112,"column":4},"end":{"line":116,"column":5}},{"start":{},"end":{}}]},"23":{"loc":{"start":{"line":114,"column":30},"end":{"line":114,"column":81}},"type":"binary-expr","locations":[{"start":{"line":114,"column":30},"end":{"line":114,"column":48}},{"start":{"line":114,"column":52},"end":{"line":114,"column":81}}]},"24":{"loc":{"start":{"line":115,"column":32},"end":{"line":115,"column":91}},"type":"cond-expr","locations":[{"start":{"line":115,"column":54},"end":{"line":115,"column":85}},{"start":{"line":115,"column":88},"end":{"line":115,"column":91}}]},"25":{"loc":{"start":{"line":118,"column":4},"end":{"line":134,"column":5}},"type":"if","locations":[{"start":{"line":118,"column":4},"end":{"line":134,"column":5}},{"start":{},"end":{}}]},"26":{"loc":{"start":{"line":119,"column":27},"end":{"line":121,"column":23}},"type":"cond-expr","locations":[{"start":{"line":120,"column":10},"end":{"line":120,"column":69}},{"start":{"line":121,"column":10},"end":{"line":121,"column":23}}]},"27":{"loc":{"start":{"line":120,"column":10},"end":{"line":120,"column":69}},"type":"binary-expr","locations":[{"start":{"line":120,"column":10},"end":{"line":120,"column":52}},{"start":{"line":120,"column":56},"end":{"line":120,"column":69}}]},"28":{"loc":{"start":{"line":130,"column":18},"end":{"line":130,"column":43}},"type":"binary-expr","locations":[{"start":{"line":130,"column":18},"end":{"line":130,"column":28}},{"start":{"line":130,"column":32},"end":{"line":130,"column":43}}]},"29":{"loc":{"start":{"line":131,"column":21},"end":{"line":131,"column":43}},"type":"binary-expr","locations":[{"start":{"line":131,"column":21},"end":{"line":131,"column":34}},{"start":{"line":131,"column":38},"end":{"line":131,"column":43}}]},"30":{"loc":{"start":{"line":150,"column":4},"end":{"line":152,"column":5}},"type":"if","locations":[{"start":{"line":150,"column":4},"end":{"line":152,"column":5}},{"start":{},"end":{}}]},"31":{"loc":{"start":{"line":150,"column":8},"end":{"line":150,"column":68}},"type":"binary-expr","locations":[{"start":{"line":150,"column":8},"end":{"line":150,"column":27}},{"start":{"line":150,"column":31},"end":{"line":150,"column":68}}]},"32":{"loc":{"start":{"line":155,"column":4},"end":{"line":157,"column":5}},"type":"if","locations":[{"start":{"line":155,"column":4},"end":{"line":157,"column":5}},{"start":{},"end":{}}]},"33":{"loc":{"start":{"line":155,"column":8},"end":{"line":155,"column":55}},"type":"binary-expr","locations":[{"start":{"line":155,"column":8},"end":{"line":155,"column":27}},{"start":{"line":155,"column":31},"end":{"line":155,"column":55}}]},"34":{"loc":{"start":{"line":160,"column":24},"end":{"line":160,"column":75}},"type":"cond-expr","locations":[{"start":{"line":160,"column":49},"end":{"line":160,"column":70}},{"start":{"line":160,"column":74},"end":{"line":160,"column":75}}]},"35":{"loc":{"start":{"line":161,"column":4},"end":{"line":170,"column":5}},"type":"if","locations":[{"start":{"line":161,"column":4},"end":{"line":170,"column":5}},{"start":{},"end":{}}]},"36":{"loc":{"start":{"line":164,"column":20},"end":{"line":164,"column":62}},"type":"cond-expr","locations":[{"start":{"line":164,"column":38},"end":{"line":164,"column":47}},{"start":{"line":164,"column":50},"end":{"line":164,"column":62}}]},"37":{"loc":{"start":{"line":168,"column":16},"end":{"line":168,"column":71}},"type":"cond-expr","locations":[{"start":{"line":168,"column":34},"end":{"line":168,"column":53}},{"start":{"line":168,"column":56},"end":{"line":168,"column":71}}]},"38":{"loc":{"start":{"line":178,"column":28},"end":{"line":178,"column":51}},"type":"binary-expr","locations":[{"start":{"line":178,"column":28},"end":{"line":178,"column":42}},{"start":{"line":178,"column":46},"end":{"line":178,"column":51}}]},"39":{"loc":{"start":{"line":186,"column":11},"end":{"line":186,"column":72}},"type":"cond-expr","locations":[{"start":{"line":186,"column":22},"end":{"line":186,"column":66}},{"start":{"line":186,"column":69},"end":{"line":186,"column":72}}]}},"s":{"0":6,"1":6,"2":6,"3":6,"4":6,"5":6,"6":6,"7":3,"8":3,"9":1,"10":3,"11":3,"12":1,"13":2,"14":2,"15":2,"16":2,"17":1,"18":2,"19":2,"20":2,"21":1,"22":2,"23":2,"24":3,"25":3,"26":1,"27":2,"28":2,"29":2,"30":0,"31":0,"32":2,"33":0,"34":0,"35":2,"36":0,"37":0,"38":2,"39":2,"40":2,"41":2,"42":2,"43":2,"44":2,"45":2,"46":0,"47":0,"48":0,"49":0,"50":0,"51":0,"52":2,"53":2,"54":2,"55":2,"56":2,"57":1,"58":2,"59":2,"60":2,"61":2,"62":1,"63":1,"64":1,"65":1,"66":1,"67":1,"68":1,"69":1,"70":1,"71":2,"72":2,"73":2,"74":2,"75":2,"76":1,"77":0,"78":1,"79":1,"80":1,"81":1,"82":0},"f":{"0":6,"1":3,"2":1,"3":2,"4":1,"5":3,"6":0,"7":0,"8":0,"9":1,"10":2,"11":2,"12":1},"b":{"0":[1,2],"1":[3,2],"2":[1,2],"3":[2,1],"4":[2,0],"5":[2,2],"6":[1,1],"7":[1,1],"8":[2,1],"9":[1,0],"10":[2,2],"11":[2,1],"12":[2,2],"13":[2,1],"14":[2,1],"15":[1,0],"16":[1,1],"17":[1,2],"18":[0,2],"19":[0,2],"20":[0,2],"21":[2,0],"22":[2,0],"23":[2,2],"24":[1,1],"25":[0,2],"26":[0,0],"27":[0,0],"28":[0,0],"29":[0,0],"30":[2,0],"31":[2,2],"32":[1,1],"33":[2,1],"34":[2,0],"35":[2,0],"36":[2,0],"37":[2,0],"38":[1,0],"39":[0,1]}}
,"C:\\Users\\Server Admin\\Desktop\\ecommerce\\server\\src\\shared\\errors\\app.errors.ts": {"path":"C:\\Users\\Server Admin\\Desktop\\ecommerce\\server\\src\\shared\\errors\\app.errors.ts","statementMap":{"0":{"start":{"line":7,"column":4},"end":{"line":7,"column":null}},"1":{"start":{"line":2,"column":9},"end":{"line":2,"column":null}},"2":{"start":{"line":3,"column":9},"end":{"line":3,"column":null}},"3":{"start":{"line":4,"column":9},"end":{"line":4,"column":null}},"4":{"start":{"line":8,"column":4},"end":{"line":8,"column":null}},"5":{"start":{"line":9,"column":4},"end":{"line":9,"column":null}},"6":{"start":{"line":10,"column":4},"end":{"line":10,"column":null}},"7":{"start":{"line":11,"column":4},"end":{"line":11,"column":null}},"8":{"start":{"line":17,"column":4},"end":{"line":17,"column":null}},"9":{"start":{"line":23,"column":4},"end":{"line":23,"column":null}},"10":{"start":{"line":29,"column":4},"end":{"line":29,"column":null}},"11":{"start":{"line":35,"column":4},"end":{"line":35,"column":null}},"12":{"start":{"line":41,"column":4},"end":{"line":41,"column":null}},"13":{"start":{"line":47,"column":4},"end":{"line":47,"column":null}}},"fnMap":{"0":{"name":"(anonymous_0)","decl":{"start":{"line":6,"column":2},"end":{"line":6,"column":14}},"loc":{"start":{"line":6,"column":92},"end":{"line":12,"column":3}}},"1":{"name":"(anonymous_1)","decl":{"start":{"line":16,"column":2},"end":{"line":16,"column":14}},"loc":{"start":{"line":16,"column":48},"end":{"line":18,"column":3}}},"2":{"name":"(anonymous_2)","decl":{"start":{"line":22,"column":2},"end":{"line":22,"column":14}},"loc":{"start":{"line":22,"column":47},"end":{"line":24,"column":3}}},"3":{"name":"(anonymous_3)","decl":{"start":{"line":28,"column":2},"end":{"line":28,"column":14}},"loc":{"start":{"line":28,"column":49},"end":{"line":30,"column":3}}},"4":{"name":"(anonymous_4)","decl":{"start":{"line":34,"column":2},"end":{"line":34,"column":14}},"loc":{"start":{"line":34,"column":42},"end":{"line":36,"column":3}}},"5":{"name":"(anonymous_5)","decl":{"start":{"line":40,"column":2},"end":{"line":40,"column":14}},"loc":{"start":{"line":40,"column":29},"end":{"line":42,"column":3}}},"6":{"name":"(anonymous_6)","decl":{"start":{"line":46,"column":2},"end":{"line":46,"column":14}},"loc":{"start":{"line":46,"column":56},"end":{"line":48,"column":3}}}},"branchMap":{"0":{"loc":{"start":{"line":6,"column":51},"end":{"line":6,"column":73}},"type":"default-arg","locations":[{"start":{"line":6,"column":66},"end":{"line":6,"column":73}}]},"1":{"loc":{"start":{"line":22,"column":14},"end":{"line":22,"column":47}},"type":"default-arg","locations":[{"start":{"line":22,"column":32},"end":{"line":22,"column":47}}]},"2":{"loc":{"start":{"line":28,"column":14},"end":{"line":28,"column":49}},"type":"default-arg","locations":[{"start":{"line":28,"column":32},"end":{"line":28,"column":49}}]},"3":{"loc":{"start":{"line":34,"column":14},"end":{"line":34,"column":42}},"type":"default-arg","locations":[{"start":{"line":34,"column":33},"end":{"line":34,"column":42}}]},"4":{"loc":{"start":{"line":46,"column":14},"end":{"line":46,"column":56}},"type":"default-arg","locations":[{"start":{"line":46,"column":32},"end":{"line":46,"column":56}}]}},"s":{"0":2,"1":2,"2":2,"3":2,"4":2,"5":2,"6":2,"7":2,"8":1,"9":0,"10":0,"11":1,"12":0,"13":0},"f":{"0":2,"1":1,"2":0,"3":0,"4":1,"5":0,"6":0},"b":{"0":[0],"1":[0],"2":[0],"3":[0],"4":[0]}}
}
