TN:
SF:server\src\application\services\product-manager.service.ts
FN:9,(anonymous_0)
FN:19,(anonymous_1)
FN:35,(anonymous_2)
FN:50,(anonymous_3)
FN:62,(anonymous_4)
FN:86,(anonymous_5)
FN:94,(anonymous_6)
FN:120,(anonymous_7)
FN:125,(anonymous_8)
FN:175,(anonymous_9)
FN:189,(anonymous_10)
FN:194,(anonymous_11)
FN:214,(anonymous_12)
FNF:13
FNH:10
FNDA:6,(anonymous_0)
FNDA:3,(anonymous_1)
FNDA:1,(anonymous_2)
FNDA:2,(anonymous_3)
FNDA:1,(anonymous_4)
FNDA:3,(anonymous_5)
FNDA:0,(anonymous_6)
FNDA:0,(anonymous_7)
FNDA:0,(anonymous_8)
FNDA:1,(anonymous_9)
FNDA:2,(anonymous_10)
FNDA:2,(anonymous_11)
FNDA:1,(anonymous_12)
DA:10,6
DA:11,6
DA:12,6
DA:13,6
DA:14,6
DA:15,6
DA:16,6
DA:20,3
DA:21,3
DA:22,1
DA:25,3
DA:26,3
DA:27,1
DA:30,2
DA:31,2
DA:32,2
DA:34,2
DA:35,1
DA:38,2
DA:40,2
DA:50,2
DA:62,1
DA:73,2
DA:83,2
DA:87,3
DA:88,3
DA:90,2
DA:91,2
DA:93,2
DA:94,0
DA:97,2
DA:98,0
DA:99,0
DA:102,2
DA:103,0
DA:104,0
DA:107,2
DA:108,2
DA:109,2
DA:112,2
DA:113,2
DA:114,2
DA:115,2
DA:118,2
DA:119,0
DA:120,0
DA:122,0
DA:123,0
DA:124,0
DA:125,0
DA:136,2
DA:139,2
DA:150,2
DA:151,2
DA:155,2
DA:156,1
DA:160,2
DA:161,2
DA:162,2
DA:172,2
DA:176,1
DA:177,1
DA:178,1
DA:179,1
DA:181,1
DA:182,1
DA:183,1
DA:185,1
DA:186,1
DA:190,2
DA:191,2
DA:195,2
DA:196,2
DA:197,2
DA:198,1
DA:210,0
DA:215,1
DA:216,1
DA:217,1
DA:218,1
DA:230,0
LF:81
LH:68
BRDA:21,0,0,1
BRDA:21,0,1,2
BRDA:21,1,0,3
BRDA:21,1,1,2
BRDA:26,2,0,1
BRDA:26,2,1,2
BRDA:30,3,0,2
BRDA:30,3,1,1
BRDA:31,4,0,2
BRDA:31,4,1,0
BRDA:32,5,0,2
BRDA:32,5,1,2
BRDA:32,6,0,1
BRDA:32,6,1,1
BRDA:34,7,0,1
BRDA:34,7,1,1
BRDA:34,8,0,2
BRDA:34,8,1,1
BRDA:35,9,0,1
BRDA:35,9,1,0
BRDA:47,10,0,2
BRDA:47,10,1,2
BRDA:58,11,0,2
BRDA:58,11,1,1
BRDA:59,12,0,2
BRDA:59,12,1,2
BRDA:60,13,0,2
BRDA:60,13,1,1
BRDA:62,14,0,2
BRDA:62,14,1,1
BRDA:67,15,0,1
BRDA:67,15,1,0
BRDA:68,16,0,1
BRDA:68,16,1,1
BRDA:88,17,0,1
BRDA:88,17,1,2
BRDA:93,18,0,0
BRDA:93,18,1,2
BRDA:97,19,0,0
BRDA:97,19,1,2
BRDA:102,20,0,0
BRDA:102,20,1,2
BRDA:107,21,0,2
BRDA:107,21,1,0
BRDA:112,22,0,2
BRDA:112,22,1,0
BRDA:114,23,0,2
BRDA:114,23,1,2
BRDA:115,24,0,1
BRDA:115,24,1,1
BRDA:118,25,0,0
BRDA:118,25,1,2
BRDA:119,26,0,0
BRDA:119,26,1,0
BRDA:120,27,0,0
BRDA:120,27,1,0
BRDA:130,28,0,0
BRDA:130,28,1,0
BRDA:131,29,0,0
BRDA:131,29,1,0
BRDA:150,30,0,2
BRDA:150,30,1,0
BRDA:150,31,0,2
BRDA:150,31,1,2
BRDA:155,32,0,1
BRDA:155,32,1,1
BRDA:155,33,0,2
BRDA:155,33,1,1
BRDA:160,34,0,2
BRDA:160,34,1,0
BRDA:161,35,0,2
BRDA:161,35,1,0
BRDA:164,36,0,2
BRDA:164,36,1,0
BRDA:168,37,0,2
BRDA:168,37,1,0
BRDA:178,38,0,1
BRDA:178,38,1,0
BRDA:186,39,0,0
BRDA:186,39,1,1
BRF:80
BRH:56
end_of_record
TN:
SF:server\src\shared\errors\app.errors.ts
FN:6,(anonymous_0)
FN:16,(anonymous_1)
FN:22,(anonymous_2)
FN:28,(anonymous_3)
FN:34,(anonymous_4)
FN:40,(anonymous_5)
FN:46,(anonymous_6)
FNF:7
FNH:3
FNDA:2,(anonymous_0)
FNDA:1,(anonymous_1)
FNDA:0,(anonymous_2)
FNDA:0,(anonymous_3)
FNDA:1,(anonymous_4)
FNDA:0,(anonymous_5)
FNDA:0,(anonymous_6)
DA:2,2
DA:3,2
DA:4,2
DA:7,2
DA:8,2
DA:9,2
DA:10,2
DA:11,2
DA:17,1
DA:23,0
DA:29,0
DA:35,1
DA:41,0
DA:47,0
LF:14
LH:10
BRDA:6,0,0,0
BRDA:22,1,0,0
BRDA:28,2,0,0
BRDA:34,3,0,0
BRDA:46,4,0,0
BRF:5
BRH:0
end_of_record
